#
# There is insufficient memory for the Java Runtime Environment to continue.
# Native memory allocation (malloc) failed to allocate 24 bytes for AllocateHeap
# Possible reasons:
#   The system is out of physical RAM or swap space
#   In 32 bit mode, the process size limit was hit
# Possible solutions:
#   Reduce memory load on the system
#   Increase physical memory or swap space
#   Check if swap backing store is full
#   Use 64 bit Java on a 64 bit OS
#   Decrease Java heap size (-Xmx/-Xms)
#   Decrease number of Java threads
#   Decrease Java thread stack sizes (-Xss)
#   Set larger code cache with -XX:ReservedCodeCacheSize=
# This output file may be truncated or incomplete.
#
#  Out of Memory Error (memory/allocation.inline.hpp:61), pid=45332, tid=0x0000000000006ec0
#
# JRE version: Java(TM) SE Runtime Environment (8.0_161-b12) (build 1.8.0_161-b12)
# Java VM: Java HotSpot(TM) 64-Bit Server VM (25.161-b12 mixed mode windows-amd64 )
# Failed to write core dump. Minidumps are not enabled by default on client versions of Windows
#

---------------  T H R E A D  ---------------

Current thread (0x0000000023219000):  VMThread [stack: 0x0000000024f00000,0x0000000025000000] [id=28352]

Stack: [0x0000000024f00000,0x0000000025000000]
[error occurred during error reporting (printing stack bounds), id 0xc0000005]

Native frames: (J=compiled Java code, j=interpreted, Vv=VM code, C=native code)

VM_Operation (0x0000000044faf440): HeapWalkOperation, mode: safepoint, requested by thread 0x000000002ca61000


---------------  P R O C E S S  ---------------

Java Threads: ( => current thread )
  0x000000002ca5d000 JavaThread "_jprofiler_control_sampler" daemon [_thread_blocked, id=15540, stack(0x00000000452b0000,0x00000000453b0000)]
  0x000000002ca5e800 JavaThread "_jprofiler_native_sampler" daemon [_thread_blocked, id=36484, stack(0x00000000450b0000,0x00000000451b0000)]
  0x000000002ca61000 JavaThread "_jprofiler_native_comm" daemon [_thread_blocked, id=47232, stack(0x0000000044eb0000,0x0000000044fb0000)]
  0x000000002ca5e000 JavaThread "_jprofiler_sampler" daemon [_thread_blocked, id=47936, stack(0x0000000044db0000,0x0000000044eb0000)]
  0x000000002ca5c800 JavaThread "qtp374625527-215" [_thread_in_native, id=36364, stack(0x00000000448b0000,0x00000000449b0000)]
  0x000000002a13e800 JavaThread "qtp374625527-214" [_thread_blocked, id=25864, stack(0x00000000447b0000,0x00000000448b0000)]
  0x000000002a137000 JavaThread "qtp374625527-213" [_thread_blocked, id=32184, stack(0x00000000446b0000,0x00000000447b0000)]
  0x000000002a142800 JavaThread "qtp374625527-210" [_thread_in_native, id=484, stack(0x00000000443b0000,0x00000000444b0000)]
  0x000000002a13b800 JavaThread "qtp374625527-207" [_thread_blocked, id=36692, stack(0x00000000440b0000,0x00000000441b0000)]
  0x000000002a133800 JavaThread "qtp374625527-206" [_thread_in_native, id=25952, stack(0x0000000043fb0000,0x00000000440b0000)]
  0x000000002a135000 JavaThread "qtp374625527-204" [_thread_in_native, id=36000, stack(0x0000000043db0000,0x0000000043eb0000)]
  0x000000002a056000 JavaThread "Keep-Alive-SocketCleaner" daemon [_thread_blocked, id=7540, stack(0x00000000402b0000,0x00000000403b0000)]
  0x000000002a139800 JavaThread "PathWatcher@5225e766" daemon [_thread_blocked, id=37404, stack(0x000000003bd10000,0x000000003be10000)]
  0x000000002a138000 JavaThread "Thread-83" daemon [_thread_in_native, id=43148, stack(0x000000003bc10000,0x000000003bd10000)]
  0x000000002a056800 JavaThread "PintServerDaemon" daemon [_thread_blocked, id=42624, stack(0x000000003a5e0000,0x000000003a6e0000)]
  0x000000002a055000 JavaThread "org%002ehibernate%002ecache%002espi%002e%0055pdate%0054imestamps%0043ache.data" [_thread_blocked, id=47612, stack(0x0000000039f20000,0x000000003a020000)]
  0x000000002a054800 JavaThread "edu%002escripps%002eyates%002eproteindb%002epersistence%002emysql%002e%0050sm.data" [_thread_blocked, id=36548, stack(0x0000000039d20000,0x0000000039e20000)]
  0x000000002a051800 JavaThread "edu%002escripps%002eyates%002eproteindb%002epersistence%002emysql%002e%0050rotein%002epsms.data" [_thread_blocked, id=19464, stack(0x0000000039c20000,0x0000000039d20000)]
  0x000000002a053000 JavaThread "org%002ehibernate%002ecache%002einternal%002e%0053tandard%0051uery%0043ache.data" [_thread_blocked, id=41344, stack(0x0000000039b20000,0x0000000039c20000)]
  0x000000002a052000 JavaThread "edu%002escripps%002eyates%002eproteindb%002epersistence%002emysql%002e%0050rotein.data" [_thread_blocked, id=42428, stack(0x0000000039a20000,0x0000000039b20000)]
  0x000000002a053800 JavaThread "Statistics Thread-__DEFAULT__-1" daemon [_thread_blocked, id=39268, stack(0x0000000039720000,0x0000000039820000)]
  0x000000002a04b800 JavaThread "edu%002escripps%002eyates%002eproteindb%002epersistence%002emysql%002e%0050eptide.data" [_thread_blocked, id=43152, stack(0x0000000039620000,0x0000000039720000)]
  0x000000002a04d000 JavaThread "__DEFAULT__" daemon [_thread_blocked, id=43260, stack(0x0000000039520000,0x0000000039620000)]
  0x000000002a04a800 JavaThread "C3P0PooledConnectionPoolManager[identityToken->2rwcn5a2ntt9gshmtzr6|602854ed]-HelperThread-#49" daemon [_thread_blocked, id=35780, stack(0x0000000039020000,0x0000000039120000)]
  0x000000002a04f000 JavaThread "C3P0PooledConnectionPoolManager[identityToken->2rwcn5a2ntt9gshmtzr6|602854ed]-HelperThread-#48" daemon [_thread_blocked, id=38776, stack(0x0000000038f20000,0x0000000039020000)]
  0x000000002a050800 JavaThread "C3P0PooledConnectionPoolManager[identityToken->2rwcn5a2ntt9gshmtzr6|602854ed]-HelperThread-#47" daemon [_thread_blocked, id=29252, stack(0x0000000038e20000,0x0000000038f20000)]
  0x000000002a048800 JavaThread "C3P0PooledConnectionPoolManager[identityToken->2rwcn5a2ntt9gshmtzr6|602854ed]-HelperThread-#46" daemon [_thread_blocked, id=38096, stack(0x0000000038d20000,0x0000000038e20000)]
  0x000000002a049000 JavaThread "C3P0PooledConnectionPoolManager[identityToken->2rwcn5a2ntt9gshmtzr6|602854ed]-HelperThread-#45" daemon [_thread_blocked, id=48020, stack(0x0000000038c20000,0x0000000038d20000)]
  0x000000002a04a000 JavaThread "C3P0PooledConnectionPoolManager[identityToken->2rwcn5a2ntt9gshmtzr6|602854ed]-HelperThread-#44" daemon [_thread_blocked, id=4252, stack(0x0000000038b20000,0x0000000038c20000)]
  0x000000002a04c000 JavaThread "C3P0PooledConnectionPoolManager[identityToken->2rwcn5a2ntt9gshmtzr6|602854ed]-HelperThread-#43" daemon [_thread_blocked, id=10552, stack(0x0000000038a20000,0x0000000038b20000)]
  0x000000002a047800 JavaThread "C3P0PooledConnectionPoolManager[identityToken->2rwcn5a2ntt9gshmtzr6|602854ed]-HelperThread-#42" daemon [_thread_blocked, id=30344, stack(0x0000000038920000,0x0000000038a20000)]
  0x000000002a04e800 JavaThread "C3P0PooledConnectionPoolManager[identityToken->2rwcn5a2ntt9gshmtzr6|602854ed]-HelperThread-#41" daemon [_thread_blocked, id=26044, stack(0x0000000038820000,0x0000000038920000)]
  0x000000002a04d800 JavaThread "C3P0PooledConnectionPoolManager[identityToken->2rwcn5a2ntt9gshmtzr6|602854ed]-HelperThread-#40" daemon [_thread_blocked, id=30916, stack(0x0000000038720000,0x0000000038820000)]
  0x0000000032f17800 JavaThread "C3P0PooledConnectionPoolManager[identityToken->2rwcn5a2ntt9gshmtzr6|602854ed]-HelperThread-#39" daemon [_thread_blocked, id=27460, stack(0x0000000038620000,0x0000000038720000)]
  0x0000000032f1a800 JavaThread "C3P0PooledConnectionPoolManager[identityToken->2rwcn5a2ntt9gshmtzr6|602854ed]-HelperThread-#38" daemon [_thread_blocked, id=34912, stack(0x0000000038520000,0x0000000038620000)]
  0x0000000032f15000 JavaThread "C3P0PooledConnectionPoolManager[identityToken->2rwcn5a2ntt9gshmtzr6|602854ed]-HelperThread-#37" daemon [_thread_blocked, id=47124, stack(0x0000000038420000,0x0000000038520000)]
  0x0000000032f19800 JavaThread "C3P0PooledConnectionPoolManager[identityToken->2rwcn5a2ntt9gshmtzr6|602854ed]-HelperThread-#36" daemon [_thread_blocked, id=36640, stack(0x0000000038320000,0x0000000038420000)]
  0x0000000032f16800 JavaThread "C3P0PooledConnectionPoolManager[identityToken->2rwcn5a2ntt9gshmtzr6|602854ed]-HelperThread-#35" daemon [_thread_blocked, id=41260, stack(0x0000000038220000,0x0000000038320000)]
  0x0000000032f14800 JavaThread "C3P0PooledConnectionPoolManager[identityToken->2rwcn5a2ntt9gshmtzr6|602854ed]-HelperThread-#34" daemon [_thread_blocked, id=38536, stack(0x0000000038120000,0x0000000038220000)]
  0x0000000032f1b000 JavaThread "C3P0PooledConnectionPoolManager[identityToken->2rwcn5a2ntt9gshmtzr6|602854ed]-HelperThread-#33" daemon [_thread_blocked, id=37488, stack(0x0000000038020000,0x0000000038120000)]
  0x0000000032f19000 JavaThread "C3P0PooledConnectionPoolManager[identityToken->2rwcn5a2ntt9gshmtzr6|602854ed]-HelperThread-#32" daemon [_thread_blocked, id=41448, stack(0x0000000037f20000,0x0000000038020000)]
  0x0000000032f13800 JavaThread "C3P0PooledConnectionPoolManager[identityToken->2rwcn5a2ntt9gshmtzr6|602854ed]-HelperThread-#31" daemon [_thread_blocked, id=35888, stack(0x0000000037e20000,0x0000000037f20000)]
  0x0000000032f16000 JavaThread "C3P0PooledConnectionPoolManager[identityToken->2rwcn5a2ntt9gshmtzr6|602854ed]-HelperThread-#30" daemon [_thread_blocked, id=24568, stack(0x0000000037d20000,0x0000000037e20000)]
  0x0000000032f18000 JavaThread "C3P0PooledConnectionPoolManager[identityToken->2rwcn5a2ntt9gshmtzr6|602854ed]-HelperThread-#29" daemon [_thread_blocked, id=46136, stack(0x0000000037c20000,0x0000000037d20000)]
  0x0000000032f0c000 JavaThread "C3P0PooledConnectionPoolManager[identityToken->2rwcn5a2ntt9gshmtzr6|602854ed]-HelperThread-#28" daemon [_thread_blocked, id=4864, stack(0x0000000037b20000,0x0000000037c20000)]
  0x0000000032f0d000 JavaThread "C3P0PooledConnectionPoolManager[identityToken->2rwcn5a2ntt9gshmtzr6|602854ed]-HelperThread-#27" daemon [_thread_blocked, id=33716, stack(0x0000000037a20000,0x0000000037b20000)]
  0x0000000032f13000 JavaThread "C3P0PooledConnectionPoolManager[identityToken->2rwcn5a2ntt9gshmtzr6|602854ed]-HelperThread-#26" daemon [_thread_blocked, id=39336, stack(0x0000000037920000,0x0000000037a20000)]
  0x0000000032f0e800 JavaThread "C3P0PooledConnectionPoolManager[identityToken->2rwcn5a2ntt9gshmtzr6|602854ed]-HelperThread-#25" daemon [_thread_blocked, id=34712, stack(0x0000000037820000,0x0000000037920000)]
  0x0000000032f0f000 JavaThread "C3P0PooledConnectionPoolManager[identityToken->2rwcn5a2ntt9gshmtzr6|602854ed]-HelperThread-#24" daemon [_thread_blocked, id=40332, stack(0x0000000037720000,0x0000000037820000)]
  0x0000000032f12000 JavaThread "C3P0PooledConnectionPoolManager[identityToken->2rwcn5a2ntt9gshmtzr6|602854ed]-HelperThread-#23" daemon [_thread_blocked, id=33776, stack(0x0000000037620000,0x0000000037720000)]
  0x0000000032f0d800 JavaThread "C3P0PooledConnectionPoolManager[identityToken->2rwcn5a2ntt9gshmtzr6|602854ed]-HelperThread-#22" daemon [_thread_blocked, id=46832, stack(0x0000000037520000,0x0000000037620000)]
  0x0000000032f11800 JavaThread "C3P0PooledConnectionPoolManager[identityToken->2rwcn5a2ntt9gshmtzr6|602854ed]-HelperThread-#21" daemon [_thread_blocked, id=42576, stack(0x0000000037420000,0x0000000037520000)]
  0x0000000032f10800 JavaThread "C3P0PooledConnectionPoolManager[identityToken->2rwcn5a2ntt9gshmtzr6|602854ed]-HelperThread-#20" daemon [_thread_blocked, id=47204, stack(0x0000000037320000,0x0000000037420000)]
  0x0000000032f10000 JavaThread "C3P0PooledConnectionPoolManager[identityToken->2rwcn5a2ntt9gshmtzr6|602854ed]-HelperThread-#19" daemon [_thread_blocked, id=40148, stack(0x0000000037220000,0x0000000037320000)]
  0x000000002a3f0800 JavaThread "C3P0PooledConnectionPoolManager[identityToken->2rwcn5a2ntt9gshmtzr6|602854ed]-HelperThread-#18" daemon [_thread_blocked, id=44004, stack(0x0000000037120000,0x0000000037220000)]
  0x000000002a3ef800 JavaThread "C3P0PooledConnectionPoolManager[identityToken->2rwcn5a2ntt9gshmtzr6|602854ed]-HelperThread-#17" daemon [_thread_blocked, id=10576, stack(0x0000000037020000,0x0000000037120000)]
  0x000000002a3ef000 JavaThread "C3P0PooledConnectionPoolManager[identityToken->2rwcn5a2ntt9gshmtzr6|602854ed]-HelperThread-#16" daemon [_thread_blocked, id=41816, stack(0x0000000036f20000,0x0000000037020000)]
  0x000000002a3f5000 JavaThread "C3P0PooledConnectionPoolManager[identityToken->2rwcn5a2ntt9gshmtzr6|602854ed]-HelperThread-#15" daemon [_thread_blocked, id=46728, stack(0x0000000036e20000,0x0000000036f20000)]
  0x000000002a3f3800 JavaThread "C3P0PooledConnectionPoolManager[identityToken->2rwcn5a2ntt9gshmtzr6|602854ed]-HelperThread-#14" daemon [_thread_blocked, id=44492, stack(0x0000000036d20000,0x0000000036e20000)]
  0x000000002a3f4000 JavaThread "C3P0PooledConnectionPoolManager[identityToken->2rwcn5a2ntt9gshmtzr6|602854ed]-HelperThread-#13" daemon [_thread_blocked, id=33044, stack(0x0000000036c20000,0x0000000036d20000)]
  0x000000002a3ee000 JavaThread "C3P0PooledConnectionPoolManager[identityToken->2rwcn5a2ntt9gshmtzr6|602854ed]-HelperThread-#12" daemon [_thread_blocked, id=20360, stack(0x0000000036b20000,0x0000000036c20000)]
  0x000000002a3ed800 JavaThread "C3P0PooledConnectionPoolManager[identityToken->2rwcn5a2ntt9gshmtzr6|602854ed]-HelperThread-#11" daemon [_thread_blocked, id=43704, stack(0x0000000036a20000,0x0000000036b20000)]
  0x000000002a3f2000 JavaThread "C3P0PooledConnectionPoolManager[identityToken->2rwcn5a2ntt9gshmtzr6|602854ed]-HelperThread-#10" daemon [_thread_blocked, id=43652, stack(0x0000000036920000,0x0000000036a20000)]
  0x000000002a3f2800 JavaThread "C3P0PooledConnectionPoolManager[identityToken->2rwcn5a2ntt9gshmtzr6|602854ed]-HelperThread-#9" daemon [_thread_blocked, id=45808, stack(0x0000000036820000,0x0000000036920000)]
  0x000000002a3f1000 JavaThread "C3P0PooledConnectionPoolManager[identityToken->2rwcn5a2ntt9gshmtzr6|602854ed]-HelperThread-#8" daemon [_thread_blocked, id=8940, stack(0x0000000036720000,0x0000000036820000)]
  0x000000002a3e6000 JavaThread "C3P0PooledConnectionPoolManager[identityToken->2rwcn5a2ntt9gshmtzr6|602854ed]-HelperThread-#7" daemon [_thread_blocked, id=13452, stack(0x0000000036620000,0x0000000036720000)]
  0x000000002a3e9800 JavaThread "C3P0PooledConnectionPoolManager[identityToken->2rwcn5a2ntt9gshmtzr6|602854ed]-HelperThread-#6" daemon [_thread_blocked, id=46592, stack(0x0000000036520000,0x0000000036620000)]
  0x000000002a3e6800 JavaThread "C3P0PooledConnectionPoolManager[identityToken->2rwcn5a2ntt9gshmtzr6|602854ed]-HelperThread-#5" daemon [_thread_blocked, id=17908, stack(0x0000000036420000,0x0000000036520000)]
  0x000000002a3ec800 JavaThread "C3P0PooledConnectionPoolManager[identityToken->2rwcn5a2ntt9gshmtzr6|602854ed]-HelperThread-#4" daemon [_thread_blocked, id=34504, stack(0x0000000036320000,0x0000000036420000)]
  0x000000002a3e9000 JavaThread "C3P0PooledConnectionPoolManager[identityToken->2rwcn5a2ntt9gshmtzr6|602854ed]-HelperThread-#3" daemon [_thread_blocked, id=29528, stack(0x0000000036220000,0x0000000036320000)]
  0x000000002a3ec000 JavaThread "C3P0PooledConnectionPoolManager[identityToken->2rwcn5a2ntt9gshmtzr6|602854ed]-HelperThread-#2" daemon [_thread_blocked, id=25736, stack(0x0000000036120000,0x0000000036220000)]
  0x000000002a3ea800 JavaThread "C3P0PooledConnectionPoolManager[identityToken->2rwcn5a2ntt9gshmtzr6|602854ed]-HelperThread-#1" daemon [_thread_blocked, id=36464, stack(0x0000000036020000,0x0000000036120000)]
  0x000000002a3eb000 JavaThread "C3P0PooledConnectionPoolManager[identityToken->2rwcn5a2ntt9gshmtzr6|602854ed]-HelperThread-#0" daemon [_thread_blocked, id=20020, stack(0x0000000035f20000,0x0000000036020000)]
  0x000000002a3e7800 JavaThread "C3P0PooledConnectionPoolManager[identityToken->2rwcn5a2ntt9gshmtzr6|602854ed]-AdminTaskTimer" daemon [_thread_blocked, id=35352, stack(0x0000000035520000,0x0000000035620000)]
  0x000000002a3e8000 JavaThread "Abandoned connection cleanup thread" daemon [_thread_blocked, id=26712, stack(0x0000000034fe0000,0x00000000350e0000)]
  0x0000000032f98000 JavaThread "Scheduler-1146832276" [_thread_blocked, id=14860, stack(0x00000000346e0000,0x00000000347e0000)]
  0x0000000032f96800 JavaThread "qtp374625527-27-acceptor-0@5babfb67-ServerConnector@5be44510{HTTP/1.1,[http/1.1]}{0.0.0.0:8080}" [_thread_in_native, id=22880, stack(0x00000000341e0000,0x00000000342e0000)]
  0x000000002526a000 JavaThread "Service Thread" daemon [_thread_blocked, id=25852, stack(0x0000000026340000,0x0000000026440000)]
  0x000000002525b800 JavaThread "C1 CompilerThread3" daemon [_thread_blocked, id=36708, stack(0x0000000026240000,0x0000000026340000)]
  0x0000000025270800 JavaThread "C2 CompilerThread2" daemon [_thread_blocked, id=47340, stack(0x0000000026140000,0x0000000026240000)]
  0x000000002526f800 JavaThread "C2 CompilerThread1" daemon [_thread_blocked, id=40180, stack(0x0000000026040000,0x0000000026140000)]
  0x000000002526f000 JavaThread "C2 CompilerThread0" daemon [_thread_blocked, id=38416, stack(0x0000000025f40000,0x0000000026040000)]
  0x0000000025142000 JavaThread "JDWP Command Reader" daemon [_thread_in_native, id=42644, stack(0x0000000025e40000,0x0000000025f40000)]
  0x0000000025141000 JavaThread "JDWP Event Helper Thread" daemon [_thread_blocked, id=40840, stack(0x0000000025d40000,0x0000000025e40000)]
  0x0000000025135800 JavaThread "JDWP Transport Listener: dt_socket" daemon [_thread_blocked, id=6760, stack(0x0000000025c40000,0x0000000025d40000)]
  0x000000002512c000 JavaThread "Attach Listener" daemon [_thread_blocked, id=46040, stack(0x0000000025800000,0x0000000025900000)]
  0x000000002512b000 JavaThread "Signal Dispatcher" daemon [_thread_blocked, id=37664, stack(0x0000000025700000,0x0000000025800000)]
  0x0000000025120800 JavaThread "Finalizer" daemon [_thread_blocked, id=45436, stack(0x0000000025500000,0x0000000025600000)]
  0x000000000289b000 JavaThread "Reference Handler" daemon [_thread_blocked, id=32608, stack(0x0000000025000000,0x0000000025100000)]
  0x000000000258e800 JavaThread "main" [_thread_blocked, id=13320, stack(0x00000000025a0000,0x00000000026a0000)]

Other Threads:
=>0x0000000023219000 VMThread [stack: 0x0000000024f00000,0x0000000025000000] [id=28352]
  0x0000000025374800 WatcherThread [stack: 0x0000000026440000,0x0000000026540000] [id=40600]

VM state:at safepoint (normal execution)

VM Mutex/Monitor currently owned by a thread:  ([mutex/lock_event])
[0x00000000027a08d0] Threads_lock - owner thread: 0x0000000023219000
[0x00000000027a1d60] Heap_lock - owner thread: 0x000000002ca61000

Heap:
 PSYoungGen      total 6564352K, used 4951781K [0x0000000880000000, 0x0000000c3cf00000, 0x0000000c80000000)
  eden space 5128704K, 96% used [0x0000000880000000,0x00000009ae3b9530,0x00000009b9080000)
  from space 1435648K, 0% used [0x00000009b9080000,0x00000009b9080000,0x0000000a10a80000)
  to   space 5178368K, 0% used [0x0000000b00e00000,0x0000000b00e00000,0x0000000c3cf00000)
 ParOldGen       total 33554432K, used 33554096K [0x0000000080000000, 0x0000000880000000, 0x0000000880000000)
  object space 33554432K, 99% used [0x0000000080000000,0x000000087ffac138,0x0000000880000000)
 Metaspace       used 83694K, capacity 85577K, committed 85760K, reserved 86016K

Card table byte_map: [0x0000000011c60000,0x0000000017c70000] byte_map_base: 0x0000000011860000

Marking Bits: (ParMarkBitMap*) 0x0000000070dff860
 Begin Bits: [0x0000000c80000000, 0x0000000cb0000000)
 End Bits:   [0x0000000cb0000000, 0x0000000ce0000000)

Polling page: 0x0000000000c50000

CodeCache: size=245760Kb used=55203Kb max_used=55992Kb free=190556Kb
 bounds [0x00000000028a0000, 0x0000000005fb0000, 0x00000000118a0000]
 total_blobs=14401 nmethods=13697 adapters=621
 compilation: enabled

Compilation events (10 events):
Event: 3807.855 Thread 0x0000000025270800 nmethod 18740 0x0000000005043290 code [0x00000000050433c0, 0x0000000005043458]
Event: 3814.833 Thread 0x000000002526f000 18741   !   4       java.util.regex.Pattern::matcher (44 bytes)
Event: 3814.833 Thread 0x000000002525b800 18742       2       java.util.regex.Matcher::<init> (84 bytes)
Event: 3814.834 Thread 0x000000002525b800 nmethod 18742 0x00000000035b68d0 code [0x00000000035b6a40, 0x00000000035b6d98]
Event: 3814.840 Thread 0x000000002526f000 nmethod 18741 0x0000000003c11910 code [0x0000000003c11a80, 0x0000000003c120f8]
Event: 3827.863 Thread 0x000000002526f800 18744       4       com.jprofiler.agent.util.a.a.b.n::c (49 bytes)
Event: 3827.863 Thread 0x000000002525b800 18743       1       com.jprofiler.agent.probe.c::expungeStaleEntries (1 bytes)
Event: 3827.863 Thread 0x000000002525b800 nmethod 18743 0x0000000005165cd0 code [0x0000000005165e20, 0x0000000005165f30]
Event: 3827.864 Thread 0x000000002526f800 nmethod 18744 0x0000000005c45310 code [0x0000000005c45440, 0x0000000005c454d8]
Event: 3852.081 Thread 0x0000000025270800 18745       4       sun.nio.fs.WindowsPath::parse (26 bytes)

GC Heap History (10 events):
Event: 1585.656 GC heap before
{Heap before GC invocations=101 (full 32):
 PSYoungGen      total 6564352K, used 5128704K [0x0000000880000000, 0x0000000c3cf00000, 0x0000000c80000000)
  eden space 5128704K, 100% used [0x0000000880000000,0x00000009b9080000,0x00000009b9080000)
  from space 1435648K, 0% used [0x00000009b9080000,0x00000009b9080000,0x0000000a10a80000)
  to   space 5178368K, 0% used [0x0000000b00e00000,0x0000000b00e00000,0x0000000c3cf00000)
 ParOldGen       total 33554432K, used 33001910K [0x0000000080000000, 0x0000000880000000, 0x0000000880000000)
  object space 33554432K, 98% used [0x0000000080000000,0x000000085e46db18,0x0000000880000000)
 Metaspace       used 78226K, capacity 79948K, committed 80128K, reserved 81920K
Event: 1606.013 GC heap after
Heap after GC invocations=101 (full 32):
 PSYoungGen      total 6564352K, used 169481K [0x0000000880000000, 0x0000000c3cf00000, 0x0000000c80000000)
  eden space 5128704K, 3% used [0x0000000880000000,0x000000088a582678,0x00000009b9080000)
  from space 1435648K, 0% used [0x00000009b9080000,0x00000009b9080000,0x0000000a10a80000)
  to   space 5178368K, 0% used [0x0000000b00e00000,0x0000000b00e00000,0x0000000c3cf00000)
 ParOldGen       total 33554432K, used 33554274K [0x0000000080000000, 0x0000000880000000, 0x0000000880000000)
  object space 33554432K, 99% used [0x0000000080000000,0x000000087ffd8ab0,0x0000000880000000)
 Metaspace       used 78226K, capacity 79948K, committed 80128K, reserved 81920K
}
Event: 1609.084 GC heap before
{Heap before GC invocations=102 (full 33):
 PSYoungGen      total 6564352K, used 5128704K [0x0000000880000000, 0x0000000c3cf00000, 0x0000000c80000000)
  eden space 5128704K, 100% used [0x0000000880000000,0x00000009b9080000,0x00000009b9080000)
  from space 1435648K, 0% used [0x00000009b9080000,0x00000009b9080000,0x0000000a10a80000)
  to   space 5178368K, 0% used [0x0000000b00e00000,0x0000000b00e00000,0x0000000c3cf00000)
 ParOldGen       total 33554432K, used 33554274K [0x0000000080000000, 0x0000000880000000, 0x0000000880000000)
  object space 33554432K, 99% used [0x0000000080000000,0x000000087ffd8ab0,0x0000000880000000)
 Metaspace       used 78237K, capacity 79948K, committed 80128K, reserved 81920K
Event: 1629.127 GC heap after
Heap after GC invocations=102 (full 33):
 PSYoungGen      total 6564352K, used 168996K [0x0000000880000000, 0x0000000c3cf00000, 0x0000000c80000000)
  eden space 5128704K, 3% used [0x0000000880000000,0x000000088a5091b8,0x00000009b9080000)
  from space 1435648K, 0% used [0x00000009b9080000,0x00000009b9080000,0x0000000a10a80000)
  to   space 5178368K, 0% used [0x0000000b00e00000,0x0000000b00e00000,0x0000000c3cf00000)
 ParOldGen       total 33554432K, used 33554316K [0x0000000080000000, 0x0000000880000000, 0x0000000880000000)
  object space 33554432K, 99% used [0x0000000080000000,0x000000087ffe3058,0x0000000880000000)
 Metaspace       used 78237K, capacity 79948K, committed 80128K, reserved 81920K
}
Event: 1632.110 GC heap before
{Heap before GC invocations=103 (full 34):
 PSYoungGen      total 6564352K, used 5128704K [0x0000000880000000, 0x0000000c3cf00000, 0x0000000c80000000)
  eden space 5128704K, 100% used [0x0000000880000000,0x00000009b9080000,0x00000009b9080000)
  from space 1435648K, 0% used [0x00000009b9080000,0x00000009b9080000,0x0000000a10a80000)
  to   space 5178368K, 0% used [0x0000000b00e00000,0x0000000b00e00000,0x0000000c3cf00000)
 ParOldGen       total 33554432K, used 33554316K [0x0000000080000000, 0x0000000880000000, 0x0000000880000000)
  object space 33554432K, 99% used [0x0000000080000000,0x000000087ffe3058,0x0000000880000000)
 Metaspace       used 78243K, capacity 80012K, committed 80128K, reserved 81920K
Event: 1648.551 GC heap after
Heap after GC invocations=103 (full 34):
 PSYoungGen      total 6564352K, used 169001K [0x0000000880000000, 0x0000000c3cf00000, 0x0000000c80000000)
  eden space 5128704K, 3% used [0x0000000880000000,0x000000088a50a5e8,0x00000009b9080000)
  from space 1435648K, 0% used [0x00000009b9080000,0x00000009b9080000,0x0000000a10a80000)
  to   space 5178368K, 0% used [0x0000000b00e00000,0x0000000b00e00000,0x0000000c3cf00000)
 ParOldGen       total 33554432K, used 33554292K [0x0000000080000000, 0x0000000880000000, 0x0000000880000000)
  object space 33554432K, 99% used [0x0000000080000000,0x000000087ffdd040,0x0000000880000000)
 Metaspace       used 78243K, capacity 80012K, committed 80128K, reserved 81920K
}
Event: 1653.304 GC heap before
{Heap before GC invocations=104 (full 35):
 PSYoungGen      total 6564352K, used 5128704K [0x0000000880000000, 0x0000000c3cf00000, 0x0000000c80000000)
  eden space 5128704K, 100% used [0x0000000880000000,0x00000009b9080000,0x00000009b9080000)
  from space 1435648K, 0% used [0x00000009b9080000,0x00000009b9080000,0x0000000a10a80000)
  to   space 5178368K, 0% used [0x0000000b00e00000,0x0000000b00e00000,0x0000000c3cf00000)
 ParOldGen       total 33554432K, used 33554292K [0x0000000080000000, 0x0000000880000000, 0x0000000880000000)
  object space 33554432K, 99% used [0x0000000080000000,0x000000087ffdd040,0x0000000880000000)
 Metaspace       used 78246K, capacity 80012K, committed 80128K, reserved 81920K
Event: 1665.942 GC heap after
Heap after GC invocations=104 (full 35):
 PSYoungGen      total 6564352K, used 207007K [0x0000000880000000, 0x0000000c3cf00000, 0x0000000c80000000)
  eden space 5128704K, 4% used [0x0000000880000000,0x000000088ca27ff0,0x00000009b9080000)
  from space 1435648K, 0% used [0x00000009b9080000,0x00000009b9080000,0x0000000a10a80000)
  to   space 5178368K, 0% used [0x0000000b00e00000,0x0000000b00e00000,0x0000000c3cf00000)
 ParOldGen       total 33554432K, used 33553934K [0x0000000080000000, 0x0000000880000000, 0x0000000880000000)
  object space 33554432K, 99% used [0x0000000080000000,0x000000087ff839e8,0x0000000880000000)
 Metaspace       used 78246K, capacity 80012K, committed 80128K, reserved 81920K
}
Event: 1688.123 GC heap before
{Heap before GC invocations=105 (full 36):
 PSYoungGen      total 6564352K, used 5128704K [0x0000000880000000, 0x0000000c3cf00000, 0x0000000c80000000)
  eden space 5128704K, 100% used [0x0000000880000000,0x00000009b9080000,0x00000009b9080000)
  from space 1435648K, 0% used [0x00000009b9080000,0x00000009b9080000,0x0000000a10a80000)
  to   space 5178368K, 0% used [0x0000000b00e00000,0x0000000b00e00000,0x0000000c3cf00000)
 ParOldGen       total 33554432K, used 33553934K [0x0000000080000000, 0x0000000880000000, 0x0000000880000000)
  object space 33554432K, 99% used [0x0000000080000000,0x000000087ff839e8,0x0000000880000000)
 Metaspace       used 78296K, capacity 80076K, committed 80128K, reserved 81920K
Event: 1713.118 GC heap after
Heap after GC invocations=105 (full 36):
 PSYoungGen      total 6564352K, used 943571K [0x0000000880000000, 0x0000000c3cf00000, 0x0000000c80000000)
  eden space 5128704K, 18% used [0x0000000880000000,0x00000008b9974d28,0x00000009b9080000)
  from space 1435648K, 0% used [0x00000009b9080000,0x00000009b9080000,0x0000000a10a80000)
  to   space 5178368K, 0% used [0x0000000b00e00000,0x0000000b00e00000,0x0000000c3cf00000)
 ParOldGen       total 33554432K, used 33554096K [0x0000000080000000, 0x0000000880000000, 0x0000000880000000)
  object space 33554432K, 99% used [0x0000000080000000,0x000000087ffac138,0x0000000880000000)
 Metaspace       used 78296K, capacity 80076K, committed 80128K, reserved 81920K
}

Deoptimization events (10 events):
Event: 1921.415 Thread 0x000000002a142800 Uncommon trap: reason=unhandled action=none pc=0x00000000044fa73c method=org.codehaus.plexus.classworlds.realm.ClassRealm.findClass(Ljava/lang/String;)Ljava/lang/Class; @ 8
Event: 1921.415 Thread 0x000000002a142800 Uncommon trap: reason=unhandled action=none pc=0x0000000002ff988c method=java.net.URLClassLoader.findClass(Ljava/lang/String;)Ljava/lang/Class; @ 44
Event: 1921.415 Thread 0x000000002a142800 Uncommon trap: reason=unhandled action=none pc=0x0000000002c8e524 method=java.net.URLClassLoader.findClass(Ljava/lang/String;)Ljava/lang/Class; @ 44
Event: 1921.415 Thread 0x000000002a142800 Uncommon trap: reason=unhandled action=none pc=0x0000000003007008 method=java.net.URLClassLoader.findClass(Ljava/lang/String;)Ljava/lang/Class; @ 44
Event: 1921.415 Thread 0x000000002a142800 Uncommon trap: reason=unhandled action=none pc=0x0000000003007008 method=java.net.URLClassLoader.findClass(Ljava/lang/String;)Ljava/lang/Class; @ 44
Event: 2239.411 Thread 0x000000002d75d000 Uncommon trap: reason=unhandled action=none pc=0x0000000005977364 method=org.hibernate.context.internal.ManagedSessionContext.currentSession()Lorg/hibernate/Session; @ 21
Event: 2839.855 Thread 0x000000002a13e800 Uncommon trap: reason=unhandled action=none pc=0x0000000005977364 method=org.hibernate.context.internal.ManagedSessionContext.currentSession()Lorg/hibernate/Session; @ 21
Event: 3439.853 Thread 0x000000002a13b800 Uncommon trap: reason=unhandled action=none pc=0x0000000005977364 method=org.hibernate.context.internal.ManagedSessionContext.currentSession()Lorg/hibernate/Session; @ 21
Event: 3644.184 Thread 0x000000002a056800 Uncommon trap: reason=unstable_if action=reinterpret pc=0x0000000004f70354 method=org.apache.log4j.helpers.ISO8601DateFormat.format(Ljava/util/Date;Ljava/lang/StringBuffer;Ljava/text/FieldPosition;)Ljava/lang/StringBuffer; @ 323
Event: 3691.931 Thread 0x000000002512c000 Uncommon trap: reason=array_check action=maybe_recompile pc=0x0000000005f540d8 method=java.util.TimSort.binarySort([Ljava/lang/Object;IIILjava/util/Comparator;)V @ 215

Classes redefined (10 events):
Event: 3734.576 Thread 0x0000000023219000 redefined class name=sun.nio.ch.FileChannelImpl, count=2
Event: 3734.606 Thread 0x0000000023219000 redefined class name=java.util.concurrent.ThreadPoolExecutor, count=2
Event: 3734.633 Thread 0x0000000023219000 redefined class name=java.util.concurrent.AbstractExecutorService, count=2
Event: 3734.657 Thread 0x0000000023219000 redefined class name=java.util.concurrent.locks.LockSupport, count=3
Event: 3734.684 Thread 0x0000000023219000 redefined class name=sun.nio.fs.WindowsNativeDispatcher, count=2
Event: 3734.709 Thread 0x0000000023219000 redefined class name=sun.net.www.MessageHeader, count=2
Event: 3734.736 Thread 0x0000000023219000 redefined class name=java.nio.Bits, count=2
Event: 3734.761 Thread 0x0000000023219000 redefined class name=java.io.FileOutputStream, count=2
Event: 3734.788 Thread 0x0000000023219000 redefined class name=java.io.FileInputStream, count=2
Event: 3734.812 Thread 0x0000000023219000 redefined class name=java.lang.Thread, count=3

Internal exceptions (10 events):
Event: 3439.857 Thread 0x000000002a13b800 Exception <a 'sun/nio/fs/WindowsException'> (0x00000009a25a41c0) thrown at [C:\re\workspace\8-2-build-windows-amd64-cygwin\jdk8u161\10277\hotspot\src\share\vm\prims\jni.cpp, line 709]
Event: 3439.857 Thread 0x000000002a13b800 Exception <a 'sun/nio/fs/WindowsException'> (0x00000009a25a4a00) thrown at [C:\re\workspace\8-2-build-windows-amd64-cygwin\jdk8u161\10277\hotspot\src\share\vm\prims\jni.cpp, line 709]
Event: 3439.857 Thread 0x000000002a13b800 Exception <a 'sun/nio/fs/WindowsException'> (0x00000009a25a5bd8) thrown at [C:\re\workspace\8-2-build-windows-amd64-cygwin\jdk8u161\10277\hotspot\src\share\vm\prims\jni.cpp, line 709]
Event: 3439.857 Thread 0x000000002a13b800 Exception <a 'sun/nio/fs/WindowsException'> (0x00000009a25a6828) thrown at [C:\re\workspace\8-2-build-windows-amd64-cygwin\jdk8u161\10277\hotspot\src\share\vm\prims\jni.cpp, line 709]
Event: 3439.857 Thread 0x000000002a13b800 Exception <a 'sun/nio/fs/WindowsException'> (0x00000009a25a7478) thrown at [C:\re\workspace\8-2-build-windows-amd64-cygwin\jdk8u161\10277\hotspot\src\share\vm\prims\jni.cpp, line 709]
Event: 3439.857 Thread 0x000000002a13b800 Exception <a 'sun/nio/fs/WindowsException'> (0x00000009a25a80c8) thrown at [C:\re\workspace\8-2-build-windows-amd64-cygwin\jdk8u161\10277\hotspot\src\share\vm\prims\jni.cpp, line 709]
Event: 3439.857 Thread 0x000000002a13b800 Exception <a 'sun/nio/fs/WindowsException'> (0x00000009a25a8d18) thrown at [C:\re\workspace\8-2-build-windows-amd64-cygwin\jdk8u161\10277\hotspot\src\share\vm\prims\jni.cpp, line 709]
Event: 3691.910 Thread 0x000000002512c000 Exception <a 'java/lang/ClassNotFoundException': com/jprofiler/agent/callee/PM5Callee> (0x00000009a6d5ec68) thrown at [C:\re\workspace\8-2-build-windows-amd64-cygwin\jdk8u161\10277\hotspot\src\share\vm\classfile\systemDictionary.cpp, line 210]
Event: 3691.926 Thread 0x000000002512c000 Exception <a 'java/lang/ClassNotFoundException': java/util/concurrent/FutureTask$Sync> (0x00000009a6e91e80) thrown at [C:\re\workspace\8-2-build-windows-amd64-cygwin\jdk8u161\10277\hotspot\src\share\vm\classfile\systemDictionary.cpp, line 210]
Event: 3730.932 Thread 0x000000002ca5d000 Exception <a 'java/lang/InterruptedException': sleep interrupted> (0x00000009ada14178) thrown at [C:\re\workspace\8-2-build-windows-amd64-cygwin\jdk8u161\10277\hotspot\src\share\vm\prims\jvm.cpp, line 3180]

Events (10 events):
Event: 3790.018 Thread 0x000000002a04b800 DEOPT UNPACKING pc=0x00000000028e7890 sp=0x000000003971f210 mode 0
Event: 3790.064 Thread 0x000000002a053000 DEOPT PACKING pc=0x00000000039c1cd4 sp=0x0000000039c1ed30
Event: 3790.064 Thread 0x000000002a053000 DEOPT UNPACKING pc=0x00000000028e7890 sp=0x0000000039c1ea80 mode 0
Event: 3790.066 Thread 0x000000002a053000 DEOPT PACKING pc=0x000000000476eaec sp=0x0000000039c1ee40
Event: 3790.066 Thread 0x000000002a053000 DEOPT UNPACKING pc=0x00000000028e7890 sp=0x0000000039c1ec20 mode 0
Event: 3790.066 Thread 0x000000002a053000 DEOPT PACKING pc=0x0000000005837fcc sp=0x0000000039c1efb0
Event: 3790.066 Thread 0x000000002a053000 DEOPT UNPACKING pc=0x00000000028e7890 sp=0x0000000039c1ed50 mode 0
Event: 3828.058 Executing VM operation: HeapIterateOperation
Event: 3852.080 Executing VM operation: HeapIterateOperation done
Event: 3852.083 Executing VM operation: HeapWalkOperation


Dynamic libraries:
0x00007ff66e3a0000 - 0x00007ff66e3d7000 	C:\Program Files\Java\jdk1.8.0_161\bin\javaw.exe
0x00007ffdf8250000 - 0x00007ffdf843d000 	C:\WINDOWS\SYSTEM32\ntdll.dll
0x00007ffdf8160000 - 0x00007ffdf8213000 	C:\WINDOWS\System32\KERNEL32.DLL
0x00007ffdf49c0000 - 0x00007ffdf4c53000 	C:\WINDOWS\System32\KERNELBASE.dll
0x00007ffdf56e0000 - 0x00007ffdf5783000 	C:\WINDOWS\System32\ADVAPI32.dll
0x00007ffdf5ad0000 - 0x00007ffdf5b6e000 	C:\WINDOWS\System32\msvcrt.dll
0x00007ffdf58d0000 - 0x00007ffdf596e000 	C:\WINDOWS\System32\sechost.dll
0x00007ffdf7fb0000 - 0x00007ffdf80d2000 	C:\WINDOWS\System32\RPCRT4.dll
0x00007ffdf7440000 - 0x00007ffdf75d7000 	C:\WINDOWS\System32\USER32.dll
0x00007ffdf4470000 - 0x00007ffdf4490000 	C:\WINDOWS\System32\win32u.dll
0x00007ffdf76e0000 - 0x00007ffdf7709000 	C:\WINDOWS\System32\GDI32.dll
0x00007ffdf44e0000 - 0x00007ffdf467a000 	C:\WINDOWS\System32\gdi32full.dll
0x00007ffdf4320000 - 0x00007ffdf43c0000 	C:\WINDOWS\System32\msvcp_win.dll
0x00007ffdf48c0000 - 0x00007ffdf49ba000 	C:\WINDOWS\System32\ucrtbase.dll
0x00007ffdeacb0000 - 0x00007ffdeaf29000 	C:\WINDOWS\WinSxS\amd64_microsoft.windows.common-controls_6595b64144ccf1df_6.0.17763.437_none_05b63dca071e5dd6\COMCTL32.dll
0x00007ffdf7110000 - 0x00007ffdf743c000 	C:\WINDOWS\System32\combase.dll
0x00007ffdf4c60000 - 0x00007ffdf4cde000 	C:\WINDOWS\System32\bcryptPrimitives.dll
0x00007ffdf70e0000 - 0x00007ffdf710e000 	C:\WINDOWS\System32\IMM32.DLL
0x0000000070e80000 - 0x0000000070f52000 	C:\Program Files\Java\jdk1.8.0_161\jre\bin\msvcr100.dll
0x00000000705e0000 - 0x0000000070e7f000 	C:\Program Files\Java\jdk1.8.0_161\jre\bin\server\jvm.dll
0x00007ffdf76d0000 - 0x00007ffdf76d8000 	C:\WINDOWS\System32\PSAPI.DLL
0x00007ffdec7b0000 - 0x00007ffdec7d4000 	C:\WINDOWS\SYSTEM32\WINMM.dll
0x00007ffde5c20000 - 0x00007ffde5c29000 	C:\WINDOWS\SYSTEM32\WSOCK32.dll
0x00007ffdeb640000 - 0x00007ffdeb64a000 	C:\WINDOWS\SYSTEM32\VERSION.dll
0x00007ffdf7600000 - 0x00007ffdf766d000 	C:\WINDOWS\System32\WS2_32.dll
0x00007ffdec6d0000 - 0x00007ffdec6fd000 	C:\WINDOWS\SYSTEM32\winmmbase.dll
0x00007ffdf4490000 - 0x00007ffdf44da000 	C:\WINDOWS\System32\cfgmgr32.dll
0x00000000705d0000 - 0x00000000705df000 	C:\Program Files\Java\jdk1.8.0_161\jre\bin\verify.dll
0x00000000705a0000 - 0x00000000705c9000 	C:\Program Files\Java\jdk1.8.0_161\jre\bin\java.dll
0x0000000070560000 - 0x0000000070595000 	C:\Program Files\Java\jdk1.8.0_161\jre\bin\jdwp.dll
0x0000000070550000 - 0x0000000070558000 	C:\Program Files\Java\jdk1.8.0_161\jre\bin\npt.dll
0x0000000070470000 - 0x0000000070493000 	C:\Program Files\Java\jdk1.8.0_161\jre\bin\instrument.dll
0x0000000070530000 - 0x0000000070546000 	C:\Program Files\Java\jdk1.8.0_161\jre\bin\zip.dll
0x00007ffdf5b70000 - 0x00007ffdf7060000 	C:\WINDOWS\System32\SHELL32.dll
0x00007ffdf7d00000 - 0x00007ffdf7da8000 	C:\WINDOWS\System32\shcore.dll
0x00007ffdf4d00000 - 0x00007ffdf544a000 	C:\WINDOWS\System32\windows.storage.dll
0x00007ffdf4250000 - 0x00007ffdf4274000 	C:\WINDOWS\System32\profapi.dll
0x00007ffdf42c0000 - 0x00007ffdf431d000 	C:\WINDOWS\System32\powrprof.dll
0x00007ffdf5870000 - 0x00007ffdf58c2000 	C:\WINDOWS\System32\shlwapi.dll
0x00007ffdf42a0000 - 0x00007ffdf42b1000 	C:\WINDOWS\System32\kernel.appcore.dll
0x00007ffdf4ce0000 - 0x00007ffdf4cf7000 	C:\WINDOWS\System32\cryptsp.dll
0x0000000070460000 - 0x0000000070469000 	C:\Program Files\Java\jdk1.8.0_161\jre\bin\dt_socket.dll
0x00007ffddb8c0000 - 0x00007ffddb8d6000 	C:\WINDOWS\system32\napinsp.dll
0x00007ffddb8a0000 - 0x00007ffddb8ba000 	C:\WINDOWS\system32\pnrpnsp.dll
0x00007ffdf3a20000 - 0x00007ffdf3a87000 	C:\WINDOWS\System32\mswsock.dll
0x00007ffdf37d0000 - 0x00007ffdf3896000 	C:\WINDOWS\SYSTEM32\DNSAPI.dll
0x00007ffdf80e0000 - 0x00007ffdf80e8000 	C:\WINDOWS\System32\NSI.dll
0x00007ffdf3790000 - 0x00007ffdf37cd000 	C:\WINDOWS\SYSTEM32\IPHLPAPI.DLL
0x00007ffdd5e80000 - 0x00007ffdd5e8e000 	C:\WINDOWS\System32\winrnr.dll
0x00007ffdefce0000 - 0x00007ffdefcfb000 	C:\WINDOWS\system32\NLAapi.dll
0x00007ffdd5e00000 - 0x00007ffdd5e15000 	C:\WINDOWS\system32\wshbth.dll
0x00007ffdec650000 - 0x00007ffdec6c9000 	C:\WINDOWS\System32\fwpuclnt.dll
0x00007ffdf5450000 - 0x00007ffdf5476000 	C:\WINDOWS\System32\bcrypt.dll
0x00007ffdebef0000 - 0x00007ffdebefa000 	C:\Windows\System32\rasadhlp.dll
0x0000000070400000 - 0x000000007041a000 	C:\Program Files\Java\jdk1.8.0_161\jre\bin\net.dll
0x00000000703e0000 - 0x00000000703f1000 	C:\Program Files\Java\jdk1.8.0_161\jre\bin\nio.dll
0x00007ffdf3390000 - 0x00007ffdf33c3000 	C:\WINDOWS\system32\rsaenh.dll
0x00007ffdf4180000 - 0x00007ffdf41a8000 	C:\WINDOWS\SYSTEM32\USERENV.dll
0x00007ffdf3ba0000 - 0x00007ffdf3bac000 	C:\WINDOWS\SYSTEM32\CRYPTBASE.dll
0x00007ffdeeec0000 - 0x00007ffdeeed6000 	C:\WINDOWS\SYSTEM32\dhcpcsvc6.DLL
0x00007ffdee850000 - 0x00007ffdee86c000 	C:\WINDOWS\SYSTEM32\dhcpcsvc.DLL
0x00007ffded8b0000 - 0x00007ffded8ba000 	C:\Users\salvador\AppData\Local\Temp\jansi-1.17-2487382712916546581.dll
0x00007ffded740000 - 0x00007ffded74a000 	C:\Users\salvador\AppData\Local\Temp\jansi-1.17-8937715345428430864.dll
0x0000000070450000 - 0x000000007045d000 	C:\Program Files\Java\jdk1.8.0_161\jre\bin\management.dll
0x00000000703b0000 - 0x00000000703d4000 	C:\Program Files\Java\jdk1.8.0_161\jre\bin\sunec.dll
0x00000000703a0000 - 0x00000000703ab000 	C:\Program Files\Java\jdk1.8.0_161\jre\bin\sunmscapi.dll
0x00007ffdf4680000 - 0x00007ffdf485b000 	C:\WINDOWS\System32\CRYPT32.dll
0x00007ffdf4280000 - 0x00007ffdf4292000 	C:\WINDOWS\System32\MSASN1.dll
0x00007ffdccc40000 - 0x00007ffdccde3000 	D:\Program Files\jprofiler10\bin\windows-x64\jprofilerti.dll

VM Arguments:
jvm_args: -agentlib:jdwp=transport=dt_socket,suspend=y,address=localhost:54786 -Dmaven.home=EMBEDDED -Dclassworlds.conf=C:\Users\salvador\eclipse-workspace\.metadata\.plugins\org.eclipse.m2e.launching\launches\m2conf2893005606373404870.tmp -Dm2e.workspace.state=C:\Users\salvador\eclipse-workspace\.metadata\.plugins\org.eclipse.m2e.core\workspacestate.properties -Dmaven.multiModuleProjectDirectory=D:\Salva\git_projects\PINT\pint_webapp -Xmx48G -javaagent:C:\Users\salvador\eclipse\jee-2018-12\eclipse\configuration\org.eclipse.osgi\405\0\.cp\lib\javaagent-shaded.jar -Dfile.encoding=Cp1252 
java_command: org.codehaus.plexus.classworlds.launcher.Launcher -B -o -s C:\Users\salvador\.m2\settings.xml jetty:run -pl *-server -am -Denv=dev
java_class_path (initial): C:\Users\salvador\.p2\pool\plugins\org.eclipse.m2e.maven.runtime_1.10.0.20181127-2120\jars\plexus-classworlds-2.5.2.jar;C:\Users\salvador\eclipse\jee-2018-12\eclipse\configuration\org.eclipse.osgi\405\0\.cp\lib\javaagent-shaded.jar
Launcher Type: SUN_STANDARD

Environment Variables:
JAVA_HOME=C:\Program Files\Java\jdk1.8.0_161
PATH=C:\Program Files\Java\jdk1.8.0_161\jre\bin;C:/Program Files/Java/jre1.8.0_211/bin/server;C:/Program Files/Java/jre1.8.0_211/bin;C:/Program Files/Java/jre1.8.0_211/lib/amd64;C:\Rtools\bin;C:\ProgramData\DockerDesktop\version-bin;C:\Program Files\Docker\Docker\Resources\bin;C:\Program Files (x86)\Common Files\Oracle\Java\javapath;C:\Xcalibur\system\programs;C:\Program Files (x86)\Thermo\Foundation;C:\ProgramData\Oracle\Java\javapath;C:\Program Files (x86)\Intel\iCLS Client\;C:\Program Files\Intel\iCLS Client\;C:\WINDOWS\system32;C:\WINDOWS;C:\WINDOWS\System32\Wbem;C:\WINDOWS\System32\WindowsPowerShell\v1.0\;C:\Program Files (x86)\Intel\Intel(R) Management Engine Components\DAL;C:\Program Files\Intel\Intel(R) Management Engine Components\DAL;C:\Program Files (x86)\Intel\Intel(R) Management Engine Components\IPT;C:\Program Files\Intel\Intel(R) Management Engine Components\IPT;C:\Program Files\PuTTY\;C:\WINDOWS\System32\OpenSSH\;D:\Python27;D:\Program Files\Git\cmd;C:\Users\salvador\AppData\Local\Microsoft\WindowsApps;;C:\Program Files\Microsoft VS Code\bin;C:\WINDOWS\system32;
USERNAME=salvador
OS=Windows_NT
PROCESSOR_IDENTIFIER=Intel64 Family 6 Model 94 Stepping 3, GenuineIntel



---------------  S Y S T E M  ---------------

OS: Windows 10.0 , 64 bit Build 17763 (10.0.17763.437)

CPU:total 8 (initial active 8) (4 cores per cpu, 2 threads per core) family 6 model 94 stepping 3, cmov, cx8, fxsr, mmx, sse, sse2, sse3, ssse3, sse4.1, sse4.2, popcnt, avx, avx2, aes, clmul, erms, rtm, 3dnowpref, lzcnt, ht, tsc, tscinvbit, bmi1, bmi2, adx

Memory: 4k page, physical 67001856k(10942448k free), swap 82454652k(1020k free)

vm_info: Java HotSpot(TM) 64-Bit Server VM (25.161-b12) for windows-amd64 JRE (1.8.0_161-b12), built on Dec 19 2017 17:52:25 by "java_re" with MS VC++ 10.0 (VS2010)

time: Thu Apr 25 13:06:58 2019
elapsed time: 3902 seconds (0d 1h 5m 2s)

